2024-02-29 17:32:38,316 - MainThread - MainProcess - INFO - The file bitcoin_2017-12-31.csv has been created correctly
2024-02-29 17:36:22,156 - MainThread - MainProcess - INFO - The file bitcoin_2017-12-31.csv has been created correctly
2024-02-29 17:58:35,635 - MainThread - MainProcess - INFO - The file bitcoin_2017-01-01.csv has been created correctly
2024-02-29 17:58:35,838 - MainThread - MainProcess - INFO - The file bitcoin_2017-12-31.csv has been created correctly
2024-02-29 17:59:56,428 - MainThread - MainProcess - ERROR - The file already exists. Charge canceled.
2024-02-29 18:00:33,292 - MainThread - MainProcess - ERROR - The file {self.id}_{self.date}.csv already exists. Charge canceled.
2024-02-29 18:01:19,271 - MainThread - MainProcess - ERROR - The file {self.id}_{self.date}.csv already exists. Charge canceled.
2024-02-29 18:02:11,292 - MainThread - MainProcess - ERROR - The file {self.id}_{self.date}.csv already exists. Charge canceled.
2024-02-29 18:02:50,410 - MainThread - MainProcess - ERROR - The file bitcoin_2017-12-31.csv already exists. Charge canceled.
2024-02-29 20:14:09,318 - MainThread - MainProcess - INFO - Creating table coin_data
2024-02-29 20:14:09,318 - MainThread - MainProcess - INFO - Unexpected error: unsupported operand type(s) for /: 'str' and 'str'
2024-02-29 20:15:56,202 - MainThread - MainProcess - INFO - Creating table coin_data
2024-02-29 20:15:56,203 - MainThread - MainProcess - INFO - Query for coin_data: CREATE TABLE IF NOT EXISTS coin_data (
    coin VARCHAR NOT NULL,
    date DATE NOT NULL,
    price FLOAT,
    json JSON,
    PRIMARY KEY (coin, date)
);
2024-02-29 20:15:56,718 - MainThread - MainProcess - INFO - Creating table coin_month_data
2024-02-29 20:15:56,719 - MainThread - MainProcess - INFO - Query for coin_month_data: CREATE TABLE IF NOT EXISTS coin_month_data (
	coin VARCHAR NOT NULL, 
	year INTEGER NOT NULL, 
	month INTEGER NOT NULL, 
	min_price FLOAT, 
	max_price FLOAT, 
	PRIMARY KEY (coin, year, month)
);
2024-03-01 11:35:31,615 - ThreadPoolExecutor-0_0 - MainProcess - INFO - bitcoin_2017-01-01 - Successfully generated query
2024-03-01 11:35:31,616 - ThreadPoolExecutor-0_0 - MainProcess - INFO - bitcoin_2017-01-01 - Data written correctly
2024-03-01 11:35:31,881 - ThreadPoolExecutor-0_2 - MainProcess - INFO - cardano_2017-01-01 - Successfully generated query
2024-03-01 11:35:31,881 - ThreadPoolExecutor-0_2 - MainProcess - ERROR - cardano_2017-01-01 - Unexpected error written: 'market_data'
2024-03-01 11:35:31,881 - ThreadPoolExecutor-0_1 - MainProcess - INFO - ethereum_2017-01-01 - Successfully generated query
2024-03-01 11:35:31,885 - ThreadPoolExecutor-0_1 - MainProcess - INFO - ethereum_2017-01-01 - Data written correctly
2024-03-01 11:35:32,107 - ThreadPoolExecutor-0_0 - MainProcess - INFO - bitcoin_2017-01-02 - Successfully generated query
2024-03-01 11:35:32,108 - ThreadPoolExecutor-0_0 - MainProcess - INFO - bitcoin_2017-01-02 - Data written correctly
2024-03-01 11:35:32,166 - ThreadPoolExecutor-0_2 - MainProcess - INFO - ethereum_2017-01-02 - Successfully generated query
2024-03-01 11:35:32,328 - ThreadPoolExecutor-0_0 - MainProcess - INFO - bitcoin_2017-01-03 - Successfully generated query
2024-03-01 11:35:32,376 - ThreadPoolExecutor-0_2 - MainProcess - INFO - ethereum_2017-01-03 - Successfully generated query
2024-03-01 11:35:32,386 - ThreadPoolExecutor-0_1 - MainProcess - INFO - cardano_2017-01-02 - Successfully generated query
2024-03-01 11:35:32,387 - ThreadPoolExecutor-0_1 - MainProcess - ERROR - cardano_2017-01-02 - Unexpected error written: 'market_data'
2024-03-01 11:35:32,574 - ThreadPoolExecutor-0_0 - MainProcess - INFO - cardano_2017-01-03 - Successfully generated query
2024-03-01 11:35:32,605 - ThreadPoolExecutor-0_1 - MainProcess - INFO - ethereum_2017-01-04 - Successfully generated query
2024-03-01 11:35:32,607 - ThreadPoolExecutor-0_2 - MainProcess - INFO - bitcoin_2017-01-04 - Successfully generated query
2024-03-01 11:35:32,878 - ThreadPoolExecutor-0_0 - MainProcess - INFO - cardano_2017-01-04 - Successfully generated query
2024-03-01 11:35:32,898 - ThreadPoolExecutor-0_1 - MainProcess - INFO - ethereum_2017-01-05 - Successfully generated query
2024-03-01 11:35:32,918 - ThreadPoolExecutor-0_2 - MainProcess - INFO - bitcoin_2017-01-05 - Successfully generated query
2024-03-01 11:35:33,118 - ThreadPoolExecutor-0_0 - MainProcess - INFO - cardano_2017-01-05 - Successfully generated query
2024-03-01 11:35:33,140 - ThreadPoolExecutor-0_2 - MainProcess - INFO - ethereum_2017-01-06 - Successfully generated query
2024-03-01 11:35:33,147 - ThreadPoolExecutor-0_1 - MainProcess - INFO - bitcoin_2017-01-06 - Successfully generated query
2024-03-01 11:35:33,360 - ThreadPoolExecutor-0_1 - MainProcess - INFO - ethereum_2017-01-07 - Successfully generated query
2024-03-01 11:35:33,373 - ThreadPoolExecutor-0_2 - MainProcess - INFO - bitcoin_2017-01-07 - Successfully generated query
2024-03-01 11:35:33,378 - ThreadPoolExecutor-0_0 - MainProcess - INFO - cardano_2017-01-06 - Successfully generated query
2024-03-01 11:35:33,608 - ThreadPoolExecutor-0_1 - MainProcess - INFO - cardano_2017-01-07 - Successfully generated query
2024-03-01 11:35:33,620 - ThreadPoolExecutor-0_0 - MainProcess - INFO - ethereum_2017-01-08 - Successfully generated query
2024-03-01 11:35:33,621 - ThreadPoolExecutor-0_2 - MainProcess - INFO - bitcoin_2017-01-08 - Successfully generated query
2024-03-01 11:35:33,832 - ThreadPoolExecutor-0_1 - MainProcess - INFO - cardano_2017-01-08 - Successfully generated query
2024-03-01 11:35:33,868 - ThreadPoolExecutor-0_0 - MainProcess - INFO - bitcoin_2017-01-09 - Successfully generated query
2024-03-01 11:35:33,875 - ThreadPoolExecutor-0_2 - MainProcess - INFO - ethereum_2017-01-09 - Successfully generated query
2024-03-01 11:35:34,082 - ThreadPoolExecutor-0_1 - MainProcess - INFO - cardano_2017-01-09 - Successfully generated query
2024-03-01 11:35:34,106 - ThreadPoolExecutor-0_2 - MainProcess - INFO - ethereum_2017-01-10 - Successfully generated query
2024-03-01 11:35:34,117 - ThreadPoolExecutor-0_0 - MainProcess - INFO - bitcoin_2017-01-10 - Successfully generated query
2024-03-01 11:35:34,307 - ThreadPoolExecutor-0_1 - MainProcess - INFO - cardano_2017-01-10 - Successfully generated query
2024-03-01 11:35:34,333 - ThreadPoolExecutor-0_2 - MainProcess - INFO - bitcoin_2017-01-11 - Successfully generated query
2024-03-01 11:35:34,334 - ThreadPoolExecutor-0_0 - MainProcess - INFO - ethereum_2017-01-11 - Successfully generated query
2024-03-01 11:35:34,499 - ThreadPoolExecutor-0_1 - MainProcess - INFO - cardano_2017-01-11 - Successfully generated query
2024-03-01 11:35:34,583 - ThreadPoolExecutor-0_0 - MainProcess - INFO - ethereum_2017-01-12 - Successfully generated query
2024-03-01 11:35:34,584 - ThreadPoolExecutor-0_2 - MainProcess - INFO - bitcoin_2017-01-12 - Successfully generated query
2024-03-01 11:35:34,669 - ThreadPoolExecutor-0_1 - MainProcess - INFO - cardano_2017-01-12 - Successfully generated query
2024-03-01 11:35:34,788 - ThreadPoolExecutor-0_0 - MainProcess - INFO - bitcoin_2017-01-13 - Successfully generated query
2024-03-01 11:35:34,794 - ThreadPoolExecutor-0_2 - MainProcess - INFO - ethereum_2017-01-13 - Successfully generated query

2024-03-02 04:00:24,340 - ThreadPoolExecutor-0_1 - MainProcess - INFO - ethereum_2017-01-01 - Successfully generated query
2024-03-02 04:00:24,340 - ThreadPoolExecutor-0_1 - MainProcess - INFO - ethereum_2017-01-01 - Successfully generated query
2024-03-02 04:00:24,340 - ThreadPoolExecutor-0_1 - MainProcess - INFO - ethereum_2017-01-01 - Successfully generated query
2024-03-02 04:00:24,341 - ThreadPoolExecutor-0_1 - MainProcess - INFO - ethereum_2017-01-01 - Data written correctly
2024-03-02 04:00:24,341 - ThreadPoolExecutor-0_1 - MainProcess - INFO - ethereum_2017-01-01 - Data written correctly
2024-03-02 04:00:24,341 - ThreadPoolExecutor-0_1 - MainProcess - INFO - ethereum_2017-01-01 - Data written correctly
2024-03-02 04:00:24,359 - ThreadPoolExecutor-0_2 - MainProcess - INFO - cardano_2017-01-01 - Successfully generated query
2024-03-02 04:00:24,359 - ThreadPoolExecutor-0_2 - MainProcess - INFO - cardano_2017-01-01 - Successfully generated query
2024-03-02 04:00:24,359 - ThreadPoolExecutor-0_2 - MainProcess - INFO - cardano_2017-01-01 - Successfully generated query
2024-03-02 04:00:24,359 - ThreadPoolExecutor-0_2 - MainProcess - ERROR - cardano_2017-01-01 - Unexpected error written: 'market_data'
2024-03-02 04:00:24,359 - ThreadPoolExecutor-0_2 - MainProcess - ERROR - cardano_2017-01-01 - Unexpected error written: 'market_data'
2024-03-02 04:00:24,359 - ThreadPoolExecutor-0_2 - MainProcess - ERROR - cardano_2017-01-01 - Unexpected error written: 'market_data'
2024-03-02 04:00:24,360 - ThreadPoolExecutor-0_0 - MainProcess - INFO - bitcoin_2017-01-01 - Successfully generated query
2024-03-02 04:00:24,360 - ThreadPoolExecutor-0_0 - MainProcess - INFO - bitcoin_2017-01-01 - Successfully generated query
2024-03-02 04:00:24,360 - ThreadPoolExecutor-0_0 - MainProcess - INFO - bitcoin_2017-01-01 - Successfully generated query
2024-03-02 04:00:24,363 - ThreadPoolExecutor-0_0 - MainProcess - INFO - bitcoin_2017-01-01 - Data written correctly
2024-03-02 04:00:24,363 - ThreadPoolExecutor-0_0 - MainProcess - INFO - bitcoin_2017-01-01 - Data written correctly
2024-03-02 04:00:24,363 - ThreadPoolExecutor-0_0 - MainProcess - INFO - bitcoin_2017-01-01 - Data written correctly
2024-03-02 04:00:24,583 - ThreadPoolExecutor-0_1 - MainProcess - INFO - bitcoin_2017-01-02 - Successfully generated query
2024-03-02 04:00:24,583 - ThreadPoolExecutor-0_1 - MainProcess - INFO - bitcoin_2017-01-02 - Successfully generated query
2024-03-02 04:00:24,583 - ThreadPoolExecutor-0_1 - MainProcess - INFO - bitcoin_2017-01-02 - Successfully generated query
2024-03-02 04:00:24,583 - ThreadPoolExecutor-0_1 - MainProcess - INFO - bitcoin_2017-01-02 - Data written correctly
2024-03-02 04:00:24,583 - ThreadPoolExecutor-0_1 - MainProcess - INFO - bitcoin_2017-01-02 - Data written correctly
2024-03-02 04:00:24,583 - ThreadPoolExecutor-0_1 - MainProcess - INFO - bitcoin_2017-01-02 - Data written correctly
2024-03-02 04:00:24,605 - ThreadPoolExecutor-0_2 - MainProcess - INFO - ethereum_2017-01-02 - Successfully generated query
2024-03-02 04:00:24,605 - ThreadPoolExecutor-0_2 - MainProcess - INFO - ethereum_2017-01-02 - Successfully generated query
2024-03-02 04:00:24,605 - ThreadPoolExecutor-0_2 - MainProcess - INFO - ethereum_2017-01-02 - Successfully generated query
2024-03-02 04:00:24,847 - ThreadPoolExecutor-0_0 - MainProcess - INFO - cardano_2017-01-02 - Successfully generated query
2024-03-02 04:00:24,847 - ThreadPoolExecutor-0_0 - MainProcess - INFO - cardano_2017-01-02 - Successfully generated query
2024-03-02 04:00:24,847 - ThreadPoolExecutor-0_0 - MainProcess - INFO - cardano_2017-01-02 - Successfully generated query
2024-03-02 04:00:24,847 - ThreadPoolExecutor-0_0 - MainProcess - ERROR - cardano_2017-01-02 - Unexpected error written: 'market_data'
2024-03-02 04:00:24,847 - ThreadPoolExecutor-0_0 - MainProcess - ERROR - cardano_2017-01-02 - Unexpected error written: 'market_data'
2024-03-02 04:00:24,847 - ThreadPoolExecutor-0_0 - MainProcess - ERROR - cardano_2017-01-02 - Unexpected error written: 'market_data'
2024-03-02 04:00:56,079 - ThreadPoolExecutor-0_2 - MainProcess - INFO - cardano_2017-01-01 - Successfully generated query
2024-03-02 04:00:56,079 - ThreadPoolExecutor-0_2 - MainProcess - INFO - cardano_2017-01-01 - Successfully generated query
2024-03-02 04:00:56,079 - ThreadPoolExecutor-0_2 - MainProcess - INFO - cardano_2017-01-01 - Successfully generated query
2024-03-02 04:00:56,103 - ThreadPoolExecutor-0_0 - MainProcess - INFO - bitcoin_2017-01-01 - Successfully generated query
2024-03-02 04:00:56,103 - ThreadPoolExecutor-0_0 - MainProcess - INFO - bitcoin_2017-01-01 - Successfully generated query
2024-03-02 04:00:56,104 - ThreadPoolExecutor-0_1 - MainProcess - INFO - ethereum_2017-01-01 - Successfully generated query
2024-03-02 04:00:56,103 - ThreadPoolExecutor-0_0 - MainProcess - INFO - bitcoin_2017-01-01 - Successfully generated query
2024-03-02 04:00:56,104 - ThreadPoolExecutor-0_1 - MainProcess - INFO - ethereum_2017-01-01 - Successfully generated query
2024-03-02 04:00:56,104 - ThreadPoolExecutor-0_1 - MainProcess - INFO - ethereum_2017-01-01 - Successfully generated query
2024-03-02 04:00:56,317 - ThreadPoolExecutor-0_2 - MainProcess - INFO - bitcoin_2017-01-02 - Successfully generated query
2024-03-02 04:00:56,317 - ThreadPoolExecutor-0_2 - MainProcess - INFO - bitcoin_2017-01-02 - Successfully generated query
2024-03-02 04:00:56,317 - ThreadPoolExecutor-0_2 - MainProcess - INFO - bitcoin_2017-01-02 - Successfully generated query
2024-03-02 04:00:56,347 - ThreadPoolExecutor-0_0 - MainProcess - INFO - ethereum_2017-01-02 - Successfully generated query
2024-03-02 04:00:56,347 - ThreadPoolExecutor-0_0 - MainProcess - INFO - ethereum_2017-01-02 - Successfully generated query
2024-03-02 04:00:56,347 - ThreadPoolExecutor-0_0 - MainProcess - INFO - ethereum_2017-01-02 - Successfully generated query
2024-03-02 04:00:56,359 - ThreadPoolExecutor-0_1 - MainProcess - INFO - cardano_2017-01-02 - Successfully generated query
2024-03-02 04:00:56,359 - ThreadPoolExecutor-0_1 - MainProcess - INFO - cardano_2017-01-02 - Successfully generated query
2024-03-02 04:00:56,359 - ThreadPoolExecutor-0_1 - MainProcess - INFO - cardano_2017-01-02 - Successfully generated query
2024-03-02 04:00:56,555 - ThreadPoolExecutor-0_2 - MainProcess - INFO - bitcoin_2017-01-03 - Successfully generated query
2024-03-02 04:00:56,555 - ThreadPoolExecutor-0_2 - MainProcess - INFO - bitcoin_2017-01-03 - Successfully generated query
2024-03-02 04:00:56,555 - ThreadPoolExecutor-0_2 - MainProcess - INFO - bitcoin_2017-01-03 - Successfully generated query
2024-03-02 04:00:56,590 - ThreadPoolExecutor-0_0 - MainProcess - INFO - ethereum_2017-01-03 - Successfully generated query
2024-03-02 04:00:56,590 - ThreadPoolExecutor-0_0 - MainProcess - INFO - ethereum_2017-01-03 - Successfully generated query
2024-03-02 04:00:56,590 - ThreadPoolExecutor-0_0 - MainProcess - INFO - ethereum_2017-01-03 - Successfully generated query
2024-03-02 04:00:56,596 - ThreadPoolExecutor-0_1 - MainProcess - INFO - cardano_2017-01-03 - Successfully generated query
2024-03-02 04:00:56,596 - ThreadPoolExecutor-0_1 - MainProcess - INFO - cardano_2017-01-03 - Successfully generated query
2024-03-02 04:00:56,596 - ThreadPoolExecutor-0_1 - MainProcess - INFO - cardano_2017-01-03 - Successfully generated query
2024-03-02 04:00:56,795 - ThreadPoolExecutor-0_2 - MainProcess - INFO - bitcoin_2017-01-04 - Successfully generated query
2024-03-02 04:00:56,795 - ThreadPoolExecutor-0_2 - MainProcess - INFO - bitcoin_2017-01-04 - Successfully generated query
2024-03-02 04:00:56,795 - ThreadPoolExecutor-0_2 - MainProcess - INFO - bitcoin_2017-01-04 - Successfully generated query
2024-03-02 04:00:56,810 - ThreadPoolExecutor-0_1 - MainProcess - INFO - cardano_2017-01-04 - Successfully generated query
2024-03-02 04:00:56,810 - ThreadPoolExecutor-0_1 - MainProcess - INFO - cardano_2017-01-04 - Successfully generated query
2024-03-02 04:00:56,810 - ThreadPoolExecutor-0_1 - MainProcess - INFO - cardano_2017-01-04 - Successfully generated query
2024-03-02 04:00:56,835 - ThreadPoolExecutor-0_0 - MainProcess - INFO - ethereum_2017-01-04 - Successfully generated query
2024-03-02 04:00:56,835 - ThreadPoolExecutor-0_0 - MainProcess - INFO - ethereum_2017-01-04 - Successfully generated query
2024-03-02 04:00:56,835 - ThreadPoolExecutor-0_0 - MainProcess - INFO - ethereum_2017-01-04 - Successfully generated query
2024-03-02 04:00:57,015 - ThreadPoolExecutor-0_2 - MainProcess - INFO - bitcoin_2017-01-05 - Successfully generated query
2024-03-02 04:00:57,015 - ThreadPoolExecutor-0_2 - MainProcess - INFO - bitcoin_2017-01-05 - Successfully generated query
2024-03-02 04:00:57,015 - ThreadPoolExecutor-0_2 - MainProcess - INFO - bitcoin_2017-01-05 - Successfully generated query
2024-03-02 04:00:57,041 - ThreadPoolExecutor-0_1 - MainProcess - INFO - ethereum_2017-01-05 - Successfully generated query
2024-03-02 04:00:57,041 - ThreadPoolExecutor-0_1 - MainProcess - INFO - ethereum_2017-01-05 - Successfully generated query
2024-03-02 04:00:57,041 - ThreadPoolExecutor-0_1 - MainProcess - INFO - ethereum_2017-01-05 - Successfully generated query
2024-03-02 04:00:57,206 - ThreadPoolExecutor-0_0 - MainProcess - INFO - cardano_2017-01-05 - Successfully generated query
2024-03-02 04:00:57,206 - ThreadPoolExecutor-0_0 - MainProcess - INFO - cardano_2017-01-05 - Successfully generated query
2024-03-02 04:00:57,206 - ThreadPoolExecutor-0_0 - MainProcess - INFO - cardano_2017-01-05 - Successfully generated query
2024-03-02 04:01:37,972 - ThreadPoolExecutor-0_2 - MainProcess - INFO - cardano_2017-01-01 - Successfully generated query
2024-03-02 04:01:37,972 - ThreadPoolExecutor-0_2 - MainProcess - INFO - cardano_2017-01-01 - Successfully generated query
2024-03-02 04:01:37,972 - ThreadPoolExecutor-0_2 - MainProcess - INFO - cardano_2017-01-01 - Successfully generated query
2024-03-02 04:01:37,973 - ThreadPoolExecutor-0_2 - MainProcess - ERROR - cardano_2017-01-01 - Unexpected error written: 'market_data'
2024-03-02 04:01:37,973 - ThreadPoolExecutor-0_2 - MainProcess - ERROR - cardano_2017-01-01 - Unexpected error written: 'market_data'
2024-03-02 04:01:37,973 - ThreadPoolExecutor-0_2 - MainProcess - ERROR - cardano_2017-01-01 - Unexpected error written: 'market_data'
2024-03-02 04:01:37,978 - ThreadPoolExecutor-0_0 - MainProcess - INFO - bitcoin_2017-01-01 - Successfully generated query
2024-03-02 04:01:37,978 - ThreadPoolExecutor-0_0 - MainProcess - INFO - bitcoin_2017-01-01 - Successfully generated query
2024-03-02 04:01:37,978 - ThreadPoolExecutor-0_0 - MainProcess - INFO - bitcoin_2017-01-01 - Successfully generated query
2024-03-02 04:01:37,979 - ThreadPoolExecutor-0_0 - MainProcess - INFO - bitcoin_2017-01-01 - Data written correctly
2024-03-02 04:01:37,979 - ThreadPoolExecutor-0_0 - MainProcess - INFO - bitcoin_2017-01-01 - Data written correctly
2024-03-02 04:01:37,979 - ThreadPoolExecutor-0_0 - MainProcess - INFO - bitcoin_2017-01-01 - Data written correctly
2024-03-02 04:01:37,988 - ThreadPoolExecutor-0_1 - MainProcess - INFO - ethereum_2017-01-01 - Successfully generated query
2024-03-02 04:01:37,988 - ThreadPoolExecutor-0_1 - MainProcess - INFO - ethereum_2017-01-01 - Successfully generated query
2024-03-02 04:01:37,988 - ThreadPoolExecutor-0_1 - MainProcess - INFO - ethereum_2017-01-01 - Successfully generated query
2024-03-02 04:01:37,988 - ThreadPoolExecutor-0_1 - MainProcess - INFO - ethereum_2017-01-01 - Data written correctly
2024-03-02 04:01:37,988 - ThreadPoolExecutor-0_1 - MainProcess - INFO - ethereum_2017-01-01 - Data written correctly
2024-03-02 04:01:37,988 - ThreadPoolExecutor-0_1 - MainProcess - INFO - ethereum_2017-01-01 - Data written correctly
2024-03-02 04:01:38,220 - ThreadPoolExecutor-0_2 - MainProcess - INFO - bitcoin_2017-01-02 - Successfully generated query
2024-03-02 04:01:38,220 - ThreadPoolExecutor-0_2 - MainProcess - INFO - bitcoin_2017-01-02 - Successfully generated query
2024-03-02 04:01:38,220 - ThreadPoolExecutor-0_2 - MainProcess - INFO - bitcoin_2017-01-02 - Successfully generated query
2024-03-02 04:01:38,220 - ThreadPoolExecutor-0_2 - MainProcess - INFO - bitcoin_2017-01-02 - Data written correctly
2024-03-02 04:01:38,220 - ThreadPoolExecutor-0_2 - MainProcess - INFO - bitcoin_2017-01-02 - Data written correctly
2024-03-02 04:01:38,220 - ThreadPoolExecutor-0_2 - MainProcess - INFO - bitcoin_2017-01-02 - Data written correctly
2024-03-02 04:01:38,224 - ThreadPoolExecutor-0_0 - MainProcess - INFO - ethereum_2017-01-02 - Successfully generated query
2024-03-02 04:01:38,224 - ThreadPoolExecutor-0_0 - MainProcess - INFO - ethereum_2017-01-02 - Successfully generated query
2024-03-02 04:01:38,224 - ThreadPoolExecutor-0_0 - MainProcess - INFO - ethereum_2017-01-02 - Successfully generated query
2024-03-02 04:01:38,235 - ThreadPoolExecutor-0_1 - MainProcess - INFO - cardano_2017-01-02 - Successfully generated query
2024-03-02 04:01:38,235 - ThreadPoolExecutor-0_1 - MainProcess - INFO - cardano_2017-01-02 - Successfully generated query
2024-03-02 04:01:38,235 - ThreadPoolExecutor-0_1 - MainProcess - INFO - cardano_2017-01-02 - Successfully generated query
2024-03-02 04:01:38,466 - ThreadPoolExecutor-0_0 - MainProcess - INFO - ethereum_2017-01-03 - Successfully generated query
2024-03-02 04:01:38,466 - ThreadPoolExecutor-0_0 - MainProcess - INFO - ethereum_2017-01-03 - Successfully generated query
2024-03-02 04:01:38,466 - ThreadPoolExecutor-0_0 - MainProcess - INFO - ethereum_2017-01-03 - Successfully generated query
2024-03-02 04:01:38,473 - ThreadPoolExecutor-0_2 - MainProcess - INFO - bitcoin_2017-01-03 - Successfully generated query
2024-03-02 04:01:38,473 - ThreadPoolExecutor-0_2 - MainProcess - INFO - bitcoin_2017-01-03 - Successfully generated query
2024-03-02 04:01:38,473 - ThreadPoolExecutor-0_2 - MainProcess - INFO - bitcoin_2017-01-03 - Successfully generated query
2024-03-02 04:01:38,489 - ThreadPoolExecutor-0_1 - MainProcess - INFO - cardano_2017-01-03 - Successfully generated query
2024-03-02 04:01:38,489 - ThreadPoolExecutor-0_1 - MainProcess - INFO - cardano_2017-01-03 - Successfully generated query
2024-03-02 04:01:38,489 - ThreadPoolExecutor-0_1 - MainProcess - INFO - cardano_2017-01-03 - Successfully generated query
2024-03-02 04:01:38,774 - ThreadPoolExecutor-0_1 - MainProcess - INFO - cardano_2017-01-04 - Successfully generated query
2024-03-02 04:01:38,774 - ThreadPoolExecutor-0_1 - MainProcess - INFO - cardano_2017-01-04 - Successfully generated query
2024-03-02 04:01:38,774 - ThreadPoolExecutor-0_1 - MainProcess - INFO - cardano_2017-01-04 - Successfully generated query
2024-03-02 04:01:38,802 - ThreadPoolExecutor-0_2 - MainProcess - INFO - ethereum_2017-01-04 - Successfully generated query
2024-03-02 04:01:38,802 - ThreadPoolExecutor-0_2 - MainProcess - INFO - ethereum_2017-01-04 - Successfully generated query
2024-03-02 04:01:38,802 - ThreadPoolExecutor-0_2 - MainProcess - INFO - ethereum_2017-01-04 - Successfully generated query
2024-03-02 04:01:38,819 - ThreadPoolExecutor-0_0 - MainProcess - INFO - bitcoin_2017-01-04 - Successfully generated query
2024-03-02 04:01:38,819 - ThreadPoolExecutor-0_0 - MainProcess - INFO - bitcoin_2017-01-04 - Successfully generated query
2024-03-02 04:01:38,819 - ThreadPoolExecutor-0_0 - MainProcess - INFO - bitcoin_2017-01-04 - Successfully generated query
2024-03-02 04:01:39,053 - ThreadPoolExecutor-0_2 - MainProcess - INFO - ethereum_2017-01-05 - Successfully generated query
2024-03-02 04:01:39,053 - ThreadPoolExecutor-0_2 - MainProcess - INFO - ethereum_2017-01-05 - Successfully generated query
2024-03-02 04:01:39,053 - ThreadPoolExecutor-0_2 - MainProcess - INFO - ethereum_2017-01-05 - Successfully generated query
2024-03-02 04:01:39,056 - ThreadPoolExecutor-0_1 - MainProcess - INFO - bitcoin_2017-01-05 - Successfully generated query
2024-03-02 04:01:39,056 - ThreadPoolExecutor-0_1 - MainProcess - INFO - bitcoin_2017-01-05 - Successfully generated query
2024-03-02 04:01:39,056 - ThreadPoolExecutor-0_1 - MainProcess - INFO - bitcoin_2017-01-05 - Successfully generated query
2024-03-02 04:01:39,073 - ThreadPoolExecutor-0_0 - MainProcess - INFO - cardano_2017-01-05 - Successfully generated query
2024-03-02 04:01:39,073 - ThreadPoolExecutor-0_0 - MainProcess - INFO - cardano_2017-01-05 - Successfully generated query
2024-03-02 04:01:39,073 - ThreadPoolExecutor-0_0 - MainProcess - INFO - cardano_2017-01-05 - Successfully generated query
2024-03-02 04:01:50,857 - ThreadPoolExecutor-0_0 - MainProcess - INFO - bitcoin_2017-01-01 - Successfully generated query
2024-03-02 04:01:50,857 - ThreadPoolExecutor-0_0 - MainProcess - INFO - bitcoin_2017-01-01 - Successfully generated query
2024-03-02 04:01:50,857 - ThreadPoolExecutor-0_0 - MainProcess - INFO - bitcoin_2017-01-01 - Successfully generated query
2024-03-02 04:01:50,883 - ThreadPoolExecutor-0_1 - MainProcess - INFO - ethereum_2017-01-01 - Successfully generated query
2024-03-02 04:01:50,883 - ThreadPoolExecutor-0_1 - MainProcess - INFO - ethereum_2017-01-01 - Successfully generated query
2024-03-02 04:01:50,883 - ThreadPoolExecutor-0_1 - MainProcess - INFO - ethereum_2017-01-01 - Successfully generated query
2024-03-02 04:01:50,884 - ThreadPoolExecutor-0_2 - MainProcess - INFO - cardano_2017-01-01 - Successfully generated query
2024-03-02 04:01:50,884 - ThreadPoolExecutor-0_2 - MainProcess - INFO - cardano_2017-01-01 - Successfully generated query
2024-03-02 04:01:50,884 - ThreadPoolExecutor-0_2 - MainProcess - INFO - cardano_2017-01-01 - Successfully generated query
2024-03-02 04:01:51,091 - ThreadPoolExecutor-0_0 - MainProcess - INFO - bitcoin_2017-01-02 - Successfully generated query
2024-03-02 04:01:51,091 - ThreadPoolExecutor-0_0 - MainProcess - INFO - bitcoin_2017-01-02 - Successfully generated query
2024-03-02 04:01:51,091 - ThreadPoolExecutor-0_0 - MainProcess - INFO - bitcoin_2017-01-02 - Successfully generated query
2024-03-02 04:01:51,095 - ThreadPoolExecutor-0_1 - MainProcess - INFO - cardano_2017-01-02 - Successfully generated query
2024-03-02 04:01:51,095 - ThreadPoolExecutor-0_1 - MainProcess - INFO - cardano_2017-01-02 - Successfully generated query
2024-03-02 04:01:51,095 - ThreadPoolExecutor-0_1 - MainProcess - INFO - cardano_2017-01-02 - Successfully generated query
2024-03-02 04:01:51,118 - ThreadPoolExecutor-0_2 - MainProcess - INFO - ethereum_2017-01-02 - Successfully generated query
2024-03-02 04:01:51,118 - ThreadPoolExecutor-0_2 - MainProcess - INFO - ethereum_2017-01-02 - Successfully generated query
2024-03-02 04:01:51,118 - ThreadPoolExecutor-0_2 - MainProcess - INFO - ethereum_2017-01-02 - Successfully generated query
2024-03-02 04:01:51,292 - ThreadPoolExecutor-0_0 - MainProcess - INFO - bitcoin_2017-01-03 - Successfully generated query
2024-03-02 04:01:51,292 - ThreadPoolExecutor-0_0 - MainProcess - INFO - bitcoin_2017-01-03 - Successfully generated query
2024-03-02 04:01:51,292 - ThreadPoolExecutor-0_0 - MainProcess - INFO - bitcoin_2017-01-03 - Successfully generated query
2024-03-02 04:01:51,317 - ThreadPoolExecutor-0_1 - MainProcess - INFO - ethereum_2017-01-03 - Successfully generated query
2024-03-02 04:01:51,317 - ThreadPoolExecutor-0_1 - MainProcess - INFO - ethereum_2017-01-03 - Successfully generated query
2024-03-02 04:01:51,317 - ThreadPoolExecutor-0_1 - MainProcess - INFO - ethereum_2017-01-03 - Successfully generated query
2024-03-02 04:01:51,339 - ThreadPoolExecutor-0_2 - MainProcess - INFO - cardano_2017-01-03 - Successfully generated query
2024-03-02 04:01:51,339 - ThreadPoolExecutor-0_2 - MainProcess - INFO - cardano_2017-01-03 - Successfully generated query
2024-03-02 04:01:51,339 - ThreadPoolExecutor-0_2 - MainProcess - INFO - cardano_2017-01-03 - Successfully generated query
2024-03-02 04:01:51,515 - ThreadPoolExecutor-0_0 - MainProcess - INFO - bitcoin_2017-01-04 - Successfully generated query
2024-03-02 04:01:51,515 - ThreadPoolExecutor-0_0 - MainProcess - INFO - bitcoin_2017-01-04 - Successfully generated query
2024-03-02 04:01:51,515 - ThreadPoolExecutor-0_0 - MainProcess - INFO - bitcoin_2017-01-04 - Successfully generated query
2024-03-02 04:01:51,563 - ThreadPoolExecutor-0_2 - MainProcess - INFO - cardano_2017-01-04 - Successfully generated query
2024-03-02 04:01:51,563 - ThreadPoolExecutor-0_2 - MainProcess - INFO - cardano_2017-01-04 - Successfully generated query
2024-03-02 04:01:51,563 - ThreadPoolExecutor-0_2 - MainProcess - INFO - cardano_2017-01-04 - Successfully generated query
2024-03-02 04:01:51,567 - ThreadPoolExecutor-0_1 - MainProcess - INFO - ethereum_2017-01-04 - Successfully generated query
2024-03-02 04:01:51,567 - ThreadPoolExecutor-0_1 - MainProcess - INFO - ethereum_2017-01-04 - Successfully generated query
2024-03-02 04:01:51,567 - ThreadPoolExecutor-0_1 - MainProcess - INFO - ethereum_2017-01-04 - Successfully generated query
2024-03-02 04:01:51,728 - ThreadPoolExecutor-0_0 - MainProcess - INFO - bitcoin_2017-01-05 - Successfully generated query
2024-03-02 04:01:51,728 - ThreadPoolExecutor-0_0 - MainProcess - INFO - bitcoin_2017-01-05 - Successfully generated query
2024-03-02 04:01:51,728 - ThreadPoolExecutor-0_0 - MainProcess - INFO - bitcoin_2017-01-05 - Successfully generated query
2024-03-02 04:01:51,792 - ThreadPoolExecutor-0_1 - MainProcess - INFO - cardano_2017-01-05 - Successfully generated query
2024-03-02 04:01:51,792 - ThreadPoolExecutor-0_1 - MainProcess - INFO - cardano_2017-01-05 - Successfully generated query
2024-03-02 04:01:51,792 - ThreadPoolExecutor-0_1 - MainProcess - INFO - cardano_2017-01-05 - Successfully generated query
2024-03-02 04:01:51,799 - ThreadPoolExecutor-0_2 - MainProcess - INFO - ethereum_2017-01-05 - Successfully generated query
2024-03-02 04:01:51,799 - ThreadPoolExecutor-0_2 - MainProcess - INFO - ethereum_2017-01-05 - Successfully generated query
2024-03-02 04:01:51,799 - ThreadPoolExecutor-0_2 - MainProcess - INFO - ethereum_2017-01-05 - Successfully generated query
2024-03-02 04:01:53,098 - ThreadPoolExecutor-0_1 - MainProcess - INFO - ethereum_2017-01-01 - Successfully generated query
2024-03-02 04:01:53,098 - ThreadPoolExecutor-0_1 - MainProcess - INFO - ethereum_2017-01-01 - Successfully generated query
2024-03-02 04:01:53,098 - ThreadPoolExecutor-0_1 - MainProcess - INFO - ethereum_2017-01-01 - Successfully generated query
2024-03-02 04:01:53,137 - ThreadPoolExecutor-0_0 - MainProcess - INFO - bitcoin_2017-01-01 - Successfully generated query
2024-03-02 04:01:53,137 - ThreadPoolExecutor-0_0 - MainProcess - INFO - bitcoin_2017-01-01 - Successfully generated query
2024-03-02 04:01:53,138 - ThreadPoolExecutor-0_2 - MainProcess - INFO - cardano_2017-01-01 - Successfully generated query
2024-03-02 04:01:53,137 - ThreadPoolExecutor-0_0 - MainProcess - INFO - bitcoin_2017-01-01 - Successfully generated query
2024-03-02 04:01:53,138 - ThreadPoolExecutor-0_2 - MainProcess - INFO - cardano_2017-01-01 - Successfully generated query
2024-03-02 04:01:53,138 - ThreadPoolExecutor-0_2 - MainProcess - INFO - cardano_2017-01-01 - Successfully generated query
2024-03-02 04:01:53,281 - ThreadPoolExecutor-0_1 - MainProcess - INFO - bitcoin_2017-01-02 - Successfully generated query
2024-03-02 04:01:53,281 - ThreadPoolExecutor-0_1 - MainProcess - INFO - bitcoin_2017-01-02 - Successfully generated query
2024-03-02 04:01:53,281 - ThreadPoolExecutor-0_1 - MainProcess - INFO - bitcoin_2017-01-02 - Successfully generated query
2024-03-02 04:01:53,360 - ThreadPoolExecutor-0_0 - MainProcess - INFO - ethereum_2017-01-02 - Successfully generated query
2024-03-02 04:01:53,360 - ThreadPoolExecutor-0_0 - MainProcess - INFO - ethereum_2017-01-02 - Successfully generated query
2024-03-02 04:01:53,360 - ThreadPoolExecutor-0_0 - MainProcess - INFO - ethereum_2017-01-02 - Successfully generated query
2024-03-02 04:01:53,365 - ThreadPoolExecutor-0_2 - MainProcess - INFO - cardano_2017-01-02 - Successfully generated query
2024-03-02 04:01:53,365 - ThreadPoolExecutor-0_2 - MainProcess - INFO - cardano_2017-01-02 - Successfully generated query
2024-03-02 04:01:53,365 - ThreadPoolExecutor-0_2 - MainProcess - INFO - cardano_2017-01-02 - Successfully generated query
2024-03-02 04:01:53,450 - ThreadPoolExecutor-0_1 - MainProcess - INFO - bitcoin_2017-01-03 - Successfully generated query
2024-03-02 04:01:53,450 - ThreadPoolExecutor-0_1 - MainProcess - INFO - bitcoin_2017-01-03 - Successfully generated query
2024-03-02 04:01:53,450 - ThreadPoolExecutor-0_1 - MainProcess - INFO - bitcoin_2017-01-03 - Successfully generated query
2024-03-02 04:01:53,592 - ThreadPoolExecutor-0_2 - MainProcess - INFO - cardano_2017-01-03 - Successfully generated query
2024-03-02 04:01:53,592 - ThreadPoolExecutor-0_2 - MainProcess - INFO - cardano_2017-01-03 - Successfully generated query
2024-03-02 04:01:53,592 - ThreadPoolExecutor-0_2 - MainProcess - INFO - cardano_2017-01-03 - Successfully generated query
2024-03-02 04:01:53,593 - ThreadPoolExecutor-0_0 - MainProcess - INFO - ethereum_2017-01-03 - Successfully generated query
2024-03-02 04:01:53,593 - ThreadPoolExecutor-0_0 - MainProcess - INFO - ethereum_2017-01-03 - Successfully generated query
2024-03-02 04:01:53,593 - ThreadPoolExecutor-0_0 - MainProcess - INFO - ethereum_2017-01-03 - Successfully generated query
2024-03-02 04:01:53,641 - ThreadPoolExecutor-0_1 - MainProcess - INFO - bitcoin_2017-01-04 - Successfully generated query
2024-03-02 04:01:53,641 - ThreadPoolExecutor-0_1 - MainProcess - INFO - bitcoin_2017-01-04 - Successfully generated query
2024-03-02 04:01:53,641 - ThreadPoolExecutor-0_1 - MainProcess - INFO - bitcoin_2017-01-04 - Successfully generated query
2024-03-02 04:01:53,794 - ThreadPoolExecutor-0_2 - MainProcess - INFO - ethereum_2017-01-04 - Successfully generated query
2024-03-02 04:01:53,794 - ThreadPoolExecutor-0_2 - MainProcess - INFO - ethereum_2017-01-04 - Successfully generated query
2024-03-02 04:01:53,794 - ThreadPoolExecutor-0_2 - MainProcess - INFO - ethereum_2017-01-04 - Successfully generated query
2024-03-02 04:01:53,810 - ThreadPoolExecutor-0_0 - MainProcess - INFO - cardano_2017-01-04 - Successfully generated query
2024-03-02 04:01:53,810 - ThreadPoolExecutor-0_0 - MainProcess - INFO - cardano_2017-01-04 - Successfully generated query
2024-03-02 04:01:53,810 - ThreadPoolExecutor-0_0 - MainProcess - INFO - cardano_2017-01-04 - Successfully generated query
2024-03-02 04:01:53,857 - ThreadPoolExecutor-0_1 - MainProcess - INFO - bitcoin_2017-01-05 - Successfully generated query
2024-03-02 04:01:53,857 - ThreadPoolExecutor-0_1 - MainProcess - INFO - bitcoin_2017-01-05 - Successfully generated query
2024-03-02 04:01:53,857 - ThreadPoolExecutor-0_1 - MainProcess - INFO - bitcoin_2017-01-05 - Successfully generated query
2024-03-02 04:01:53,987 - ThreadPoolExecutor-0_2 - MainProcess - INFO - ethereum_2017-01-05 - Successfully generated query
2024-03-02 04:01:53,987 - ThreadPoolExecutor-0_2 - MainProcess - INFO - ethereum_2017-01-05 - Successfully generated query
2024-03-02 04:01:53,987 - ThreadPoolExecutor-0_2 - MainProcess - INFO - ethereum_2017-01-05 - Successfully generated query
2024-03-02 04:01:53,992 - ThreadPoolExecutor-0_0 - MainProcess - INFO - cardano_2017-01-05 - Successfully generated query
2024-03-02 04:01:53,992 - ThreadPoolExecutor-0_0 - MainProcess - INFO - cardano_2017-01-05 - Successfully generated query
2024-03-02 04:01:53,992 - ThreadPoolExecutor-0_0 - MainProcess - INFO - cardano_2017-01-05 - Successfully generated query
2024-03-02 04:01:57,928 - ThreadPoolExecutor-0_1 - MainProcess - INFO - ethereum_2017-01-01 - Successfully generated query
2024-03-02 04:01:57,928 - ThreadPoolExecutor-0_1 - MainProcess - INFO - ethereum_2017-01-01 - Successfully generated query
2024-03-02 04:01:57,928 - ThreadPoolExecutor-0_1 - MainProcess - INFO - ethereum_2017-01-01 - Successfully generated query
2024-03-02 04:01:57,947 - ThreadPoolExecutor-0_0 - MainProcess - INFO - bitcoin_2017-01-01 - Successfully generated query
2024-03-02 04:01:57,947 - ThreadPoolExecutor-0_0 - MainProcess - INFO - bitcoin_2017-01-01 - Successfully generated query
2024-03-02 04:01:57,947 - ThreadPoolExecutor-0_0 - MainProcess - INFO - bitcoin_2017-01-01 - Successfully generated query
2024-03-02 04:01:57,951 - ThreadPoolExecutor-0_2 - MainProcess - INFO - cardano_2017-01-01 - Successfully generated query
2024-03-02 04:01:57,951 - ThreadPoolExecutor-0_2 - MainProcess - INFO - cardano_2017-01-01 - Successfully generated query
2024-03-02 04:01:57,951 - ThreadPoolExecutor-0_2 - MainProcess - INFO - cardano_2017-01-01 - Successfully generated query
2024-03-02 04:01:58,161 - ThreadPoolExecutor-0_1 - MainProcess - INFO - bitcoin_2017-01-02 - Successfully generated query
2024-03-02 04:01:58,161 - ThreadPoolExecutor-0_1 - MainProcess - INFO - bitcoin_2017-01-02 - Successfully generated query
2024-03-02 04:01:58,161 - ThreadPoolExecutor-0_1 - MainProcess - INFO - bitcoin_2017-01-02 - Successfully generated query
2024-03-02 04:01:58,183 - ThreadPoolExecutor-0_0 - MainProcess - INFO - ethereum_2017-01-02 - Successfully generated query
2024-03-02 04:01:58,183 - ThreadPoolExecutor-0_0 - MainProcess - INFO - ethereum_2017-01-02 - Successfully generated query
2024-03-02 04:01:58,183 - ThreadPoolExecutor-0_0 - MainProcess - INFO - ethereum_2017-01-02 - Successfully generated query
2024-03-02 04:01:58,191 - ThreadPoolExecutor-0_2 - MainProcess - INFO - cardano_2017-01-02 - Successfully generated query
2024-03-02 04:01:58,191 - ThreadPoolExecutor-0_2 - MainProcess - INFO - cardano_2017-01-02 - Successfully generated query
2024-03-02 04:01:58,191 - ThreadPoolExecutor-0_2 - MainProcess - INFO - cardano_2017-01-02 - Successfully generated query
2024-03-02 04:01:58,394 - ThreadPoolExecutor-0_2 - MainProcess - INFO - cardano_2017-01-03 - Successfully generated query
2024-03-02 04:01:58,394 - ThreadPoolExecutor-0_2 - MainProcess - INFO - cardano_2017-01-03 - Successfully generated query
2024-03-02 04:01:58,394 - ThreadPoolExecutor-0_2 - MainProcess - INFO - cardano_2017-01-03 - Successfully generated query
2024-03-02 04:01:58,402 - ThreadPoolExecutor-0_1 - MainProcess - INFO - bitcoin_2017-01-03 - Successfully generated query
2024-03-02 04:01:58,402 - ThreadPoolExecutor-0_1 - MainProcess - INFO - bitcoin_2017-01-03 - Successfully generated query
2024-03-02 04:01:58,402 - ThreadPoolExecutor-0_1 - MainProcess - INFO - bitcoin_2017-01-03 - Successfully generated query
2024-03-02 04:01:58,419 - ThreadPoolExecutor-0_0 - MainProcess - INFO - ethereum_2017-01-03 - Successfully generated query
2024-03-02 04:01:58,419 - ThreadPoolExecutor-0_0 - MainProcess - INFO - ethereum_2017-01-03 - Successfully generated query
2024-03-02 04:01:58,419 - ThreadPoolExecutor-0_0 - MainProcess - INFO - ethereum_2017-01-03 - Successfully generated query
2024-03-02 04:01:58,627 - ThreadPoolExecutor-0_0 - MainProcess - INFO - cardano_2017-01-04 - Successfully generated query
2024-03-02 04:01:58,627 - ThreadPoolExecutor-0_0 - MainProcess - INFO - cardano_2017-01-04 - Successfully generated query
2024-03-02 04:01:58,627 - ThreadPoolExecutor-0_0 - MainProcess - INFO - cardano_2017-01-04 - Successfully generated query
2024-03-02 04:01:58,639 - ThreadPoolExecutor-0_1 - MainProcess - INFO - ethereum_2017-01-04 - Successfully generated query
2024-03-02 04:01:58,639 - ThreadPoolExecutor-0_1 - MainProcess - INFO - ethereum_2017-01-04 - Successfully generated query
2024-03-02 04:01:58,639 - ThreadPoolExecutor-0_1 - MainProcess - INFO - ethereum_2017-01-04 - Successfully generated query
2024-03-02 04:01:58,645 - ThreadPoolExecutor-0_2 - MainProcess - INFO - bitcoin_2017-01-04 - Successfully generated query
2024-03-02 04:01:58,645 - ThreadPoolExecutor-0_2 - MainProcess - INFO - bitcoin_2017-01-04 - Successfully generated query
2024-03-02 04:01:58,645 - ThreadPoolExecutor-0_2 - MainProcess - INFO - bitcoin_2017-01-04 - Successfully generated query
2024-03-02 04:01:58,850 - ThreadPoolExecutor-0_0 - MainProcess - INFO - bitcoin_2017-01-05 - Successfully generated query
2024-03-02 04:01:58,850 - ThreadPoolExecutor-0_0 - MainProcess - INFO - bitcoin_2017-01-05 - Successfully generated query
2024-03-02 04:01:58,850 - ThreadPoolExecutor-0_0 - MainProcess - INFO - bitcoin_2017-01-05 - Successfully generated query
2024-03-02 04:01:58,868 - ThreadPoolExecutor-0_1 - MainProcess - INFO - ethereum_2017-01-05 - Successfully generated query
2024-03-02 04:01:58,868 - ThreadPoolExecutor-0_1 - MainProcess - INFO - ethereum_2017-01-05 - Successfully generated query
2024-03-02 04:01:58,868 - ThreadPoolExecutor-0_1 - MainProcess - INFO - ethereum_2017-01-05 - Successfully generated query
2024-03-02 04:01:58,883 - ThreadPoolExecutor-0_2 - MainProcess - INFO - cardano_2017-01-05 - Successfully generated query
2024-03-02 04:01:58,883 - ThreadPoolExecutor-0_2 - MainProcess - INFO - cardano_2017-01-05 - Successfully generated query
2024-03-02 04:01:58,883 - ThreadPoolExecutor-0_2 - MainProcess - INFO - cardano_2017-01-05 - Successfully generated query
2024-03-02 04:02:12,571 - ThreadPoolExecutor-0_0 - MainProcess - INFO - bitcoin_2017-01-01 - Successfully generated query
2024-03-02 04:02:12,571 - ThreadPoolExecutor-0_0 - MainProcess - INFO - bitcoin_2017-01-01 - Successfully generated query
2024-03-02 04:02:12,571 - ThreadPoolExecutor-0_0 - MainProcess - INFO - bitcoin_2017-01-01 - Successfully generated query
2024-03-02 04:02:12,587 - ThreadPoolExecutor-0_1 - MainProcess - INFO - ethereum_2017-01-01 - Successfully generated query
2024-03-02 04:02:12,587 - ThreadPoolExecutor-0_1 - MainProcess - INFO - ethereum_2017-01-01 - Successfully generated query
2024-03-02 04:02:12,587 - ThreadPoolExecutor-0_1 - MainProcess - INFO - ethereum_2017-01-01 - Successfully generated query
2024-03-02 04:02:12,591 - ThreadPoolExecutor-0_2 - MainProcess - INFO - cardano_2017-01-01 - Successfully generated query
2024-03-02 04:02:12,591 - ThreadPoolExecutor-0_2 - MainProcess - INFO - cardano_2017-01-01 - Successfully generated query
2024-03-02 04:02:12,591 - ThreadPoolExecutor-0_2 - MainProcess - INFO - cardano_2017-01-01 - Successfully generated query
2024-03-02 04:02:12,798 - ThreadPoolExecutor-0_2 - MainProcess - INFO - cardano_2017-01-02 - Successfully generated query
2024-03-02 04:02:12,798 - ThreadPoolExecutor-0_2 - MainProcess - INFO - cardano_2017-01-02 - Successfully generated query
2024-03-02 04:02:12,799 - ThreadPoolExecutor-0_0 - MainProcess - INFO - bitcoin_2017-01-02 - Successfully generated query
2024-03-02 04:02:12,798 - ThreadPoolExecutor-0_2 - MainProcess - INFO - cardano_2017-01-02 - Successfully generated query
2024-03-02 04:02:12,799 - ThreadPoolExecutor-0_0 - MainProcess - INFO - bitcoin_2017-01-02 - Successfully generated query
2024-03-02 04:02:12,799 - ThreadPoolExecutor-0_0 - MainProcess - INFO - bitcoin_2017-01-02 - Successfully generated query
2024-03-02 04:02:12,820 - ThreadPoolExecutor-0_1 - MainProcess - INFO - ethereum_2017-01-02 - Successfully generated query
2024-03-02 04:02:12,820 - ThreadPoolExecutor-0_1 - MainProcess - INFO - ethereum_2017-01-02 - Successfully generated query
2024-03-02 04:02:12,820 - ThreadPoolExecutor-0_1 - MainProcess - INFO - ethereum_2017-01-02 - Successfully generated query
2024-03-02 04:02:13,028 - ThreadPoolExecutor-0_1 - MainProcess - INFO - cardano_2017-01-03 - Successfully generated query
2024-03-02 04:02:13,028 - ThreadPoolExecutor-0_1 - MainProcess - INFO - cardano_2017-01-03 - Successfully generated query
2024-03-02 04:02:13,028 - ThreadPoolExecutor-0_1 - MainProcess - INFO - cardano_2017-01-03 - Successfully generated query
2024-03-02 04:02:13,058 - ThreadPoolExecutor-0_2 - MainProcess - INFO - bitcoin_2017-01-03 - Successfully generated query
2024-03-02 04:02:13,058 - ThreadPoolExecutor-0_2 - MainProcess - INFO - bitcoin_2017-01-03 - Successfully generated query
2024-03-02 04:02:13,058 - ThreadPoolExecutor-0_2 - MainProcess - INFO - bitcoin_2017-01-03 - Successfully generated query
2024-03-02 04:02:13,064 - ThreadPoolExecutor-0_0 - MainProcess - INFO - ethereum_2017-01-03 - Successfully generated query
2024-03-02 04:02:13,064 - ThreadPoolExecutor-0_0 - MainProcess - INFO - ethereum_2017-01-03 - Successfully generated query
2024-03-02 04:02:13,064 - ThreadPoolExecutor-0_0 - MainProcess - INFO - ethereum_2017-01-03 - Successfully generated query
2024-03-02 04:02:13,236 - ThreadPoolExecutor-0_1 - MainProcess - INFO - bitcoin_2017-01-04 - Successfully generated query
2024-03-02 04:02:13,236 - ThreadPoolExecutor-0_1 - MainProcess - INFO - bitcoin_2017-01-04 - Successfully generated query
2024-03-02 04:02:13,236 - ThreadPoolExecutor-0_1 - MainProcess - INFO - bitcoin_2017-01-04 - Successfully generated query
2024-03-02 04:02:13,295 - ThreadPoolExecutor-0_0 - MainProcess - INFO - cardano_2017-01-04 - Successfully generated query
2024-03-02 04:02:13,295 - ThreadPoolExecutor-0_0 - MainProcess - INFO - cardano_2017-01-04 - Successfully generated query
2024-03-02 04:02:13,296 - ThreadPoolExecutor-0_2 - MainProcess - INFO - ethereum_2017-01-04 - Successfully generated query
2024-03-02 04:02:13,295 - ThreadPoolExecutor-0_0 - MainProcess - INFO - cardano_2017-01-04 - Successfully generated query
2024-03-02 04:02:13,296 - ThreadPoolExecutor-0_2 - MainProcess - INFO - ethereum_2017-01-04 - Successfully generated query
2024-03-02 04:02:13,296 - ThreadPoolExecutor-0_2 - MainProcess - INFO - ethereum_2017-01-04 - Successfully generated query
2024-03-02 04:02:13,418 - ThreadPoolExecutor-0_1 - MainProcess - INFO - bitcoin_2017-01-05 - Successfully generated query
2024-03-02 04:02:13,418 - ThreadPoolExecutor-0_1 - MainProcess - INFO - bitcoin_2017-01-05 - Successfully generated query
2024-03-02 04:02:13,418 - ThreadPoolExecutor-0_1 - MainProcess - INFO - bitcoin_2017-01-05 - Successfully generated query
2024-03-02 04:02:13,518 - ThreadPoolExecutor-0_2 - MainProcess - INFO - cardano_2017-01-05 - Successfully generated query
2024-03-02 04:02:13,518 - ThreadPoolExecutor-0_2 - MainProcess - INFO - cardano_2017-01-05 - Successfully generated query
2024-03-02 04:02:13,518 - ThreadPoolExecutor-0_0 - MainProcess - INFO - ethereum_2017-01-05 - Successfully generated query
2024-03-02 04:02:13,518 - ThreadPoolExecutor-0_2 - MainProcess - INFO - cardano_2017-01-05 - Successfully generated query
2024-03-02 04:02:13,518 - ThreadPoolExecutor-0_0 - MainProcess - INFO - ethereum_2017-01-05 - Successfully generated query
2024-03-02 04:02:13,518 - ThreadPoolExecutor-0_0 - MainProcess - INFO - ethereum_2017-01-05 - Successfully generated query
